{"/Users/kirichuk/Projects/book-store/client/src/serviceWorkerManifest.js": {"path":"/Users/kirichuk/Projects/book-store/client/src/serviceWorkerManifest.js","statementMap":{"0":{"start":{"line":13,"column":0},"end":{"line":18,"column":3}},"1":{"start":{"line":20,"column":0},"end":{"line":20,"column":75}},"2":{"start":{"line":25,"column":0},"end":{"line":25,"column":15}},"3":{"start":{"line":31,"column":0},"end":{"line":31,"column":19}},"4":{"start":{"line":33,"column":0},"end":{"line":33,"column":37}},"5":{"start":{"line":35,"column":16},"end":{"line":35,"column":54}},"6":{"start":{"line":36,"column":24},"end":{"line":38,"column":2}},"7":{"start":{"line":39,"column":0},"end":{"line":39,"column":31}},"8":{"start":{"line":41,"column":0},"end":{"line":57,"column":2}},"9":{"start":{"line":43,"column":2},"end":{"line":43,"column":42}},"10":{"start":{"line":59,"column":0},"end":{"line":75,"column":2}},"11":{"start":{"line":61,"column":2},"end":{"line":61,"column":72}}},"fnMap":{"0":{"name":"(anonymous_0)","decl":{"start":{"line":42,"column":1},"end":{"line":42,"column":2}},"loc":{"start":{"line":42,"column":14},"end":{"line":44,"column":2}},"line":42},"1":{"name":"(anonymous_1)","decl":{"start":{"line":60,"column":1},"end":{"line":60,"column":2}},"loc":{"start":{"line":60,"column":14},"end":{"line":62,"column":2}},"line":60}},"branchMap":{"0":{"loc":{"start":{"line":61,"column":9},"end":{"line":61,"column":71}},"type":"binary-expr","locations":[{"start":{"line":61,"column":9},"end":{"line":61,"column":38}},{"start":{"line":61,"column":42},"end":{"line":61,"column":71}}],"line":61}},"s":{"0":0,"1":0,"2":0,"3":0,"4":0,"5":0,"6":0,"7":0,"8":0,"9":0,"10":0,"11":0},"f":{"0":0,"1":0},"b":{"0":[0,0]}}
,"/Users/kirichuk/Projects/book-store/client/src/serviceWorkerRegistration.js": {"path":"/Users/kirichuk/Projects/book-store/client/src/serviceWorkerRegistration.js","statementMap":{"0":{"start":{"line":3,"column":37},"end":{"line":20,"column":1}},"1":{"start":{"line":4,"column":1},"end":{"line":19,"column":2}},"2":{"start":{"line":5,"column":13},"end":{"line":5,"column":34}},"3":{"start":{"line":7,"column":2},"end":{"line":11,"column":5}},"4":{"start":{"line":8,"column":3},"end":{"line":10,"column":4}},"5":{"start":{"line":9,"column":4},"end":{"line":9,"column":29}},"6":{"start":{"line":12,"column":2},"end":{"line":18,"column":6}},"7":{"start":{"line":14,"column":4},"end":{"line":14,"column":49}},"8":{"start":{"line":17,"column":4},"end":{"line":17,"column":63}},"9":{"start":{"line":22,"column":39},"end":{"line":30,"column":1}},"10":{"start":{"line":23,"column":1},"end":{"line":29,"column":2}},"11":{"start":{"line":24,"column":2},"end":{"line":28,"column":5}},"12":{"start":{"line":25,"column":3},"end":{"line":27,"column":4}},"13":{"start":{"line":26,"column":4},"end":{"line":26,"column":30}}},"fnMap":{"0":{"name":"(anonymous_0)","decl":{"start":{"line":3,"column":37},"end":{"line":3,"column":38}},"loc":{"start":{"line":3,"column":43},"end":{"line":20,"column":1}},"line":3},"1":{"name":"(anonymous_1)","decl":{"start":{"line":7,"column":35},"end":{"line":7,"column":36}},"loc":{"start":{"line":7,"column":42},"end":{"line":11,"column":3}},"line":7},"2":{"name":"(anonymous_2)","decl":{"start":{"line":13,"column":9},"end":{"line":13,"column":10}},"loc":{"start":{"line":13,"column":27},"end":{"line":15,"column":4}},"line":13},"3":{"name":"(anonymous_3)","decl":{"start":{"line":16,"column":10},"end":{"line":16,"column":11}},"loc":{"start":{"line":16,"column":33},"end":{"line":18,"column":4}},"line":16},"4":{"name":"(anonymous_4)","decl":{"start":{"line":22,"column":39},"end":{"line":22,"column":40}},"loc":{"start":{"line":22,"column":45},"end":{"line":30,"column":1}},"line":22},"5":{"name":"(anonymous_5)","decl":{"start":{"line":24,"column":50},"end":{"line":24,"column":51}},"loc":{"start":{"line":24,"column":75},"end":{"line":28,"column":3}},"line":24}},"branchMap":{"0":{"loc":{"start":{"line":4,"column":1},"end":{"line":19,"column":2}},"type":"if","locations":[{"start":{"line":4,"column":1},"end":{"line":19,"column":2}},{"start":{},"end":{}}],"line":4},"1":{"loc":{"start":{"line":8,"column":3},"end":{"line":10,"column":4}},"type":"if","locations":[{"start":{"line":8,"column":3},"end":{"line":10,"column":4}},{"start":{},"end":{}}],"line":8},"2":{"loc":{"start":{"line":23,"column":1},"end":{"line":29,"column":2}},"type":"if","locations":[{"start":{"line":23,"column":1},"end":{"line":29,"column":2}},{"start":{},"end":{}}],"line":23}},"s":{"0":0,"1":0,"2":0,"3":0,"4":0,"5":0,"6":0,"7":0,"8":0,"9":0,"10":0,"11":0,"12":0,"13":0},"f":{"0":0,"1":0,"2":0,"3":0,"4":0,"5":0},"b":{"0":[0,0],"1":[0,0],"2":[0,0]}}
,"/Users/kirichuk/Projects/book-store/client/src/utils/testing/_stylesMock.js": {"path":"/Users/kirichuk/Projects/book-store/client/src/utils/testing/_stylesMock.js","statementMap":{"0":{"start":{"line":1,"column":0},"end":{"line":1,"column":20}}},"fnMap":{},"branchMap":{},"s":{"0":1},"f":{},"b":{},"_coverageSchema":"1a1c01bbd47fc00a2c39e90264f33305004495a9","hash":"7899bb057cd07697fb0f46e0083638fdb34c7f25"}
}
